0 info it worked if it ends with ok
1 verbose cli [ '/usr/bin/nodejs', '/usr/bin/npm', 'restart', 'index' ]
2 info using npm@3.5.2
3 info using node@v4.2.6
4 verbose run-script [ 'prerestart',
4 verbose run-script   'prestop',
4 verbose run-script   'stop',
4 verbose run-script   'poststop',
4 verbose run-script   'restart',
4 verbose run-script   'prestart',
4 verbose run-script   'start',
4 verbose run-script   'poststart',
4 verbose run-script   'postrestart' ]
5 info lifecycle ltcnyan@2.0.0~prerestart: ltcnyan@2.0.0
6 silly lifecycle ltcnyan@2.0.0~prerestart: no script for prerestart, continuing
7 info lifecycle ltcnyan@2.0.0~prestop: ltcnyan@2.0.0
8 silly lifecycle ltcnyan@2.0.0~prestop: no script for prestop, continuing
9 info lifecycle ltcnyan@2.0.0~stop: ltcnyan@2.0.0
10 silly lifecycle ltcnyan@2.0.0~stop: no script for stop, continuing
11 info lifecycle ltcnyan@2.0.0~poststop: ltcnyan@2.0.0
12 silly lifecycle ltcnyan@2.0.0~poststop: no script for poststop, continuing
13 info lifecycle ltcnyan@2.0.0~restart: ltcnyan@2.0.0
14 silly lifecycle ltcnyan@2.0.0~restart: no script for restart, continuing
15 info lifecycle ltcnyan@2.0.0~prestart: ltcnyan@2.0.0
16 silly lifecycle ltcnyan@2.0.0~prestart: no script for prestart, continuing
17 info lifecycle ltcnyan@2.0.0~start: ltcnyan@2.0.0
18 verbose lifecycle ltcnyan@2.0.0~start: unsafe-perm in lifecycle true
19 verbose lifecycle ltcnyan@2.0.0~start: PATH: /usr/share/npm/bin/node-gyp-bin:/root/ltcnyan/ltcnyan-webserver/node_modules/.bin:/usr/local/sbin:/usr/local/bin:/usr/sbin:/usr/bin:/sbin:/bin:/usr/games:/usr/local/games:/snap/bin
20 verbose lifecycle ltcnyan@2.0.0~start: CWD: /root/ltcnyan/ltcnyan-webserver
21 silly lifecycle ltcnyan@2.0.0~start: Args: [ '-c', 'node server/index' ]
22 silly lifecycle ltcnyan@2.0.0~start: Returned: code: 1  signal: null
23 info lifecycle ltcnyan@2.0.0~start: Failed to exec start script
24 verbose stack Error: ltcnyan@2.0.0 start: `node server/index`
24 verbose stack Exit status 1
24 verbose stack     at EventEmitter.<anonymous> (/usr/share/npm/lib/utils/lifecycle.js:232:16)
24 verbose stack     at emitTwo (events.js:87:13)
24 verbose stack     at EventEmitter.emit (events.js:172:7)
24 verbose stack     at ChildProcess.<anonymous> (/usr/share/npm/lib/utils/spawn.js:24:14)
24 verbose stack     at emitTwo (events.js:87:13)
24 verbose stack     at ChildProcess.emit (events.js:172:7)
24 verbose stack     at maybeClose (internal/child_process.js:821:16)
24 verbose stack     at Process.ChildProcess._handle.onexit (internal/child_process.js:211:5)
25 verbose pkgid ltcnyan@2.0.0
26 verbose cwd /root/ltcnyan/ltcnyan-webserver/client_new
27 error Linux 4.4.0-103-generic
28 error argv "/usr/bin/nodejs" "/usr/bin/npm" "restart" "index"
29 error node v4.2.6
30 error npm  v3.5.2
31 error code ELIFECYCLE
32 error ltcnyan@2.0.0 start: `node server/index`
32 error Exit status 1
33 error Failed at the ltcnyan@2.0.0 start script 'node server/index'.
33 error Make sure you have the latest version of node.js and npm installed.
33 error If you do, this is most likely a problem with the ltcnyan package,
33 error not with npm itself.
33 error Tell the author that this fails on your system:
33 error     node server/index
33 error You can get information on how to open an issue for this project with:
33 error     npm bugs ltcnyan
33 error Or if that isn't available, you can get their info via:
33 error     npm owner ls ltcnyan
33 error There is likely additional logging output above.
34 verbose exit [ 1, true ]
